#
# A fatal error has been detected by the Java Runtime Environment:
#
#  Internal Error (javaClasses.cpp:129), pid=8984, tid=1468
#  fatal error: Invalid layout of preloaded class
#
# JRE version: 7.0_13-b20
# Java VM: Java HotSpot(TM) 64-Bit Server VM (23.7-b01 mixed mode windows-amd64 compressed oops)
# Failed to write core dump. Minidumps are not enabled by default on client versions of Windows
#
# If you would like to submit a bug report, please visit:
#   http://bugreport.sun.com/bugreport/crash.jsp
#

---------------  T H R E A D  ---------------

Current thread (0x000000000018e000):  JavaThread "Unknown thread" [_thread_in_vm, id=1468, stack(0x0000000002650000,0x0000000002750000)]

Stack: [0x0000000002650000,0x0000000002750000]

---------------  P R O C E S S  ---------------

Java Threads: ( => current thread )

Other Threads:

=>0x000000000018e000 (exited) JavaThread "Unknown thread" [_thread_in_vm, id=1468, stack(0x0000000002650000,0x0000000002750000)]

VM state:not at safepoint (not fully initialized)

VM Mutex/Monitor currently owned by a thread: None

GC Heap History (0 events):
No events

Deoptimization events (0 events):
No events

Internal exceptions (0 events):
No events

Events (10 events):
Event: 0.031 loading class 0x00000000024305f0 done
Event: 0.032 loading class 0x00000000023f2a30 done
Event: 0.032 loading class 0x00000000023f2a00
Event: 0.032 loading class 0x0000000002438d00
Event: 0.032 loading class 0x0000000002438d00 done
Event: 0.032 loading class 0x0000000002438d40
Event: 0.032 loading class 0x0000000002438d40 done
Event: 0.032 loading class 0x000000000b56f0f0
Event: 0.032 loading class 0x000000000b56f0f0 done
Event: 0.033 loading class 0x00000000023f2a00 done


Dynamic libraries:
0x000000013f920000 - 0x000000013f953000 	C:\Program Files\Java\jdk1.7.0_13\bin\javaw.exe
0x0000000077770000 - 0x0000000077919000 	C:\Windows\SYSTEM32\ntdll.dll
0x0000000077550000 - 0x000000007766f000 	C:\Windows\system32\kernel32.dll
0x000007fefd6e0000 - 0x000007fefd74b000 	C:\Windows\system32\KERNELBASE.dll
0x000007fefdc00000 - 0x000007fefdcdb000 	C:\Windows\system32\ADVAPI32.dll
0x000007feff880000 - 0x000007feff91f000 	C:\Windows\system32\msvcrt.dll
0x000007feff860000 - 0x000007feff87f000 	C:\Windows\SYSTEM32\sechost.dll
0x000007feff730000 - 0x000007feff85d000 	C:\Windows\system32\RPCRT4.dll
0x0000000077670000 - 0x000000007776a000 	C:\Windows\system32\USER32.dll
0x000007fefda60000 - 0x000007fefdac7000 	C:\Windows\system32\GDI32.dll
0x000007feff720000 - 0x000007feff72e000 	C:\Windows\system32\LPK.dll
0x000007fefe1e0000 - 0x000007fefe2a9000 	C:\Windows\system32\USP10.dll
0x000007fefb780000 - 0x000007fefb974000 	C:\Windows\WinSxS\amd64_microsoft.windows.common-controls_6595b64144ccf1df_6.0.7601.17514_none_fa396087175ac9ac\COMCTL32.dll
0x000007feff250000 - 0x000007feff2c1000 	C:\Windows\system32\SHLWAPI.dll
0x000007feff220000 - 0x000007feff24e000 	C:\Windows\system32\IMM32.DLL
0x000007fefdaf0000 - 0x000007fefdbf9000 	C:\Windows\system32\MSCTF.dll
0x000000005e3f0000 - 0x000000005e4c1000 	C:\Program Files\Java\jdk1.7.0_13\jre\bin\msvcr100.dll
0x000000005cff0000 - 0x000000005d70f000 	C:\Program Files\Java\jdk1.7.0_13\jre\bin\server\jvm.dll
0x000007fef8a00000 - 0x000007fef8a09000 	C:\Windows\system32\WSOCK32.dll
0x000007feff370000 - 0x000007feff3bd000 	C:\Windows\system32\WS2_32.dll
0x000007feff690000 - 0x000007feff698000 	C:\Windows\system32\NSI.dll
0x000007fefaff0000 - 0x000007fefb02b000 	C:\Windows\system32\WINMM.dll
0x0000000077930000 - 0x0000000077937000 	C:\Windows\system32\PSAPI.DLL
0x000000005cfe0000 - 0x000000005cfef000 	C:\Program Files\Java\jdk1.7.0_13\jre\bin\verify.dll
0x000000005cfb0000 - 0x000000005cfd8000 	C:\Program Files\Java\jdk1.7.0_13\jre\bin\java.dll
0x000000005cf90000 - 0x000000005cfa5000 	C:\Program Files\Java\jdk1.7.0_13\jre\bin\zip.dll

VM Arguments:
jvm_args: -Dfile.encoding=UTF-8 -Xbootclasspath:D:\java\20140411\adt-bundle-windows-x86_64-20140321\sdk\platforms\android-19\android.jar 
java_command: com.huchcode.restclientexample.Sample
Launcher Type: SUN_STANDARD

Environment Variables:
JAVA_HOME=C:\Program Files\Java\jdk1.7.0_13
PATH=C:/Program Files/Java/jdk1.7.0_13/bin/../jre/bin/server;C:/Program Files/Java/jdk1.7.0_13/bin/../jre/bin;C:/Program Files/Java/jdk1.7.0_13/bin/../jre/lib/amd64;C:\Program Files\MongoDB\bin;D:\GRADLE\gradle-1.11\bin;D:\MAVEN\apache-maven-3.2.1\bin;C:\Program Files (x86)\EasyPHP-DevServer-13.1VC11\binaries\php\php_runningversion;C:\Program Files (x86)\Wizvera\Delfino;C:\Program Files\Common Files\Microsoft Shared\Windows Live;C:\Program Files (x86)\Common Files\Microsoft Shared\Windows Live;C:\Windows\system32;C:\Windows;C:\Windows\System32\Wbem;C:\Windows\System32\WindowsPowerShell\v1.0\;C:\Program Files\Trend Micro\AMSP;C:\Program Files (x86)\Windows Live\Shared;C:\Program Files\Java\jdk1.7.0_13\bin;C:\Program Files (x86)\SecureCRT\;C:\Program Files\nodejs\;D:\HuchcodeDocument\Study\StudyProject\dex2jar-0.0.9.15;C:\Program Files (x86)\Git\cmd;C:\Program Files (x86)\Git\bin;D:\java\20140411\adt-bundle-windows-x86_64-20140321\eclipse;
USERNAME=Brian
OS=Windows_NT
PROCESSOR_IDENTIFIER=Intel64 Family 6 Model 42 Stepping 7, GenuineIntel



---------------  S Y S T E M  ---------------

OS: Windows 7 , 64 bit Build 7601 Service Pack 1

CPU:total 4 (2 cores per cpu, 2 threads per core) family 6 model 42 stepping 7, cmov, cx8, fxsr, mmx, sse, sse2, sse3, ssse3, sse4.1, sse4.2, popcnt, avx, ht, tsc, tscinvbit

Memory: 4k page, physical 8160400k(3542536k free), swap 16318940k(10673188k free)

vm_info: Java HotSpot(TM) 64-Bit Server VM (23.7-b01) for windows-amd64 JRE (1.7.0_13-b20), built on Jan 30 2013 10:10:00 by "java_re" with unknown MS VC++:1600

time: Thu Jul 10 09:22:11 2014
elapsed time: 0 seconds

